
Gradient evaluation took 0.002912 seconds
1000 transitions using 10 leapfrog steps per transition would take 29.12 seconds.
Adjust your expectations accordingly!


Iteration:    1 / 2000 [  0%]  (Warmup)
Iteration:  200 / 2000 [ 10%]  (Warmup)
Iteration:  251 / 2000 [ 12%]  (Sampling)
Iteration:  450 / 2000 [ 22%]  (Sampling)
Iteration:  650 / 2000 [ 32%]  (Sampling)
Iteration:  850 / 2000 [ 42%]  (Sampling)
Iteration: 1050 / 2000 [ 52%]  (Sampling)
Iteration: 1250 / 2000 [ 62%]  (Sampling)
Iteration: 1450 / 2000 [ 72%]  (Sampling)
Iteration: 1650 / 2000 [ 82%]  (Sampling)
Iteration: 1850 / 2000 [ 92%]  (Sampling)
Iteration: 2000 / 2000 [100%]  (Sampling)

 Elapsed Time: 91.4518 seconds (Warm-up)
               234.559 seconds (Sampling)
               326.011 seconds (Total)


Gradient evaluation took 0.003244 seconds
1000 transitions using 10 leapfrog steps per transition would take 32.44 seconds.
Adjust your expectations accordingly!


Iteration:    1 / 2000 [  0%]  (Warmup)
Iteration:  200 / 2000 [ 10%]  (Warmup)
Iteration:  251 / 2000 [ 12%]  (Sampling)
Iteration:  450 / 2000 [ 22%]  (Sampling)
Iteration:  650 / 2000 [ 32%]  (Sampling)
Iteration:  850 / 2000 [ 42%]  (Sampling)
Iteration: 1050 / 2000 [ 52%]  (Sampling)
Iteration: 1250 / 2000 [ 62%]  (Sampling)
Iteration: 1450 / 2000 [ 72%]  (Sampling)
Iteration: 1650 / 2000 [ 82%]  (Sampling)
Iteration: 1850 / 2000 [ 92%]  (Sampling)
Iteration: 2000 / 2000 [100%]  (Sampling)

 Elapsed Time: 101.007 seconds (Warm-up)
               382.842 seconds (Sampling)
               483.849 seconds (Total)


Gradient evaluation took 0.003113 seconds
1000 transitions using 10 leapfrog steps per transition would take 31.13 seconds.
Adjust your expectations accordingly!


Iteration:    1 / 2000 [  0%]  (Warmup)
Iteration:  200 / 2000 [ 10%]  (Warmup)
Iteration:  251 / 2000 [ 12%]  (Sampling)
Iteration:  450 / 2000 [ 22%]  (Sampling)
Iteration:  650 / 2000 [ 32%]  (Sampling)
Iteration:  850 / 2000 [ 42%]  (Sampling)
Iteration: 1050 / 2000 [ 52%]  (Sampling)
Iteration: 1250 / 2000 [ 62%]  (Sampling)
Iteration: 1450 / 2000 [ 72%]  (Sampling)
Iteration: 1650 / 2000 [ 82%]  (Sampling)
Iteration: 1850 / 2000 [ 92%]  (Sampling)
Iteration: 2000 / 2000 [100%]  (Sampling)

 Elapsed Time: 1483.45 seconds (Warm-up)
               88055.4 seconds (Sampling)
               89538.8 seconds (Total)


Gradient evaluation took 0.003202 seconds
1000 transitions using 10 leapfrog steps per transition would take 32.02 seconds.
Adjust your expectations accordingly!


Iteration:    1 / 2000 [  0%]  (Warmup)
Iteration:  200 / 2000 [ 10%]  (Warmup)
Iteration:  251 / 2000 [ 12%]  (Sampling)
Iteration:  450 / 2000 [ 22%]  (Sampling)
Iteration:  650 / 2000 [ 32%]  (Sampling)
Iteration:  850 / 2000 [ 42%]  (Sampling)
Iteration: 1050 / 2000 [ 52%]  (Sampling)
Iteration: 1250 / 2000 [ 62%]  (Sampling)
Iteration: 1450 / 2000 [ 72%]  (Sampling)
Iteration: 1650 / 2000 [ 82%]  (Sampling)
Iteration: 1850 / 2000 [ 92%]  (Sampling)
Iteration: 2000 / 2000 [100%]  (Sampling)

 Elapsed Time: 122.141 seconds (Warm-up)
               252.007 seconds (Sampling)
               374.148 seconds (Total)

WARNING:pystan:524 of 7000 iterations ended with a divergence (7.49 %).
WARNING:pystan:Try running with adapt_delta larger than 0.9 to remove the divergences.
WARNING:pystan:233 of 7000 iterations saturated the maximum tree depth of 15 (3.33 %)
WARNING:pystan:Run again with max_treedepth larger than 15 to avoid saturation
WARNING:pystan:Chain 2: E-BFMI = 0.163
WARNING:pystan:Chain 3: E-BFMI = 0.151
WARNING:pystan:Chain 4: E-BFMI = 0.189
WARNING:pystan:E-BFMI below 0.2 indicates you may need to reparameterize your model
run_td_rew.py:66: UserWarning: Pickling fit objects is an experimental feature!
The relevant StanModel instance must be pickled along with this fit object.
When unpickling the StanModel must be unpickled first.
  pickle.dump({'model': sm, 'fit': fit}, f, protocol=-1)
WARNING:pystan:233 of 7000 iterations saturated the maximum tree depth of 15 (3.33 %)
WARNING:pystan:Run again with max_treedepth larger than 15 to avoid saturation
INFO:pystan:Chain 1: E-BFMI (= 0.231) equals or exceeds threshold of 0.2.
WARNING:pystan:Chain 2: E-BFMI = 0.163
WARNING:pystan:Chain 3: E-BFMI = 0.151
WARNING:pystan:Chain 4: E-BFMI = 0.189
WARNING:pystan:E-BFMI below 0.2 indicates you may need to reparameterize your model
WARNING:pystan:524 of 7000 iterations ended with a divergence (7.49 %).
WARNING:pystan:Try running with adapt_delta larger than 0.9 to remove the divergences.
INFO:pystan:n_eff / iter looks reasonable for all parameters
INFO:pystan:Rhat looks reasonable for all parameters
